[Container] 2025/09/06 08:50:39.741120 Running on CodeBuild On-demand
[Container] 2025/09/06 08:50:39.741132 Waiting for agent ping
[Container] 2025/09/06 08:50:41.046366 Waiting for DOWNLOAD_SOURCE
[Container] 2025/09/06 08:50:46.594159 Phase is DOWNLOAD_SOURCE
[Container] 2025/09/06 08:50:46.596865 CODEBUILD_SRC_DIR=/codebuild/output/src2551354910/src/github.com/mortal22soul/simple-python-app
[Container] 2025/09/06 08:50:46.599580 YAML location is /codebuild/readonly/buildspec.yml
[Container] 2025/09/06 08:50:46.606499 Setting HTTP client timeout to higher timeout for Github and GitHub Enterprise sources
[Container] 2025/09/06 08:50:46.606686 Processing environment variables
[Container] 2025/09/06 08:50:46.616886 Decrypting parameter store environment variables
[Container] 2025/09/06 08:50:47.943732 Selecting 'python' runtime version '3.12' based on manual selections...
[Container] 2025/09/06 08:50:47.943823 Running command echo "Installing Python version 3.12 ..."
Installing Python version 3.12 ...

[Container] 2025/09/06 08:50:47.950233 Running command pyenv global $PYTHON_312_VERSION

[Container] 2025/09/06 08:50:48.663304 Moving to directory /codebuild/output/src2551354910/src/github.com/mortal22soul/simple-python-app
[Container] 2025/09/06 08:50:48.663329 Cache is not defined in the buildspec
[Container] 2025/09/06 08:50:49.228453 Skip cache due to: no paths specified to be cached
[Container] 2025/09/06 08:50:49.228654 Registering with agent
[Container] 2025/09/06 08:50:49.795701 Phases found in YAML: 3
[Container] 2025/09/06 08:50:49.795720  INSTALL: 14 commands
[Container] 2025/09/06 08:50:49.795725  BUILD: 14 commands
[Container] 2025/09/06 08:50:49.795730  POST_BUILD: 9 commands
[Container] 2025/09/06 08:50:49.795998 Phase complete: DOWNLOAD_SOURCE State: SUCCEEDED
[Container] 2025/09/06 08:50:49.796011 Phase context status code:  Message: 
[Container] 2025/09/06 08:50:50.936907 Entering phase INSTALL
[Container] 2025/09/06 08:50:51.483033 Running command echo "Installing dependencies ..."
Installing dependencies ...

[Container] 2025/09/06 08:50:51.493740 Running command pip install -r requirements.txt
Collecting flask (from -r requirements.txt (line 1))
  Downloading flask-3.1.2-py3-none-any.whl.metadata (3.2 kB)
Collecting blinker>=1.9.0 (from flask->-r requirements.txt (line 1))
  Downloading blinker-1.9.0-py3-none-any.whl.metadata (1.6 kB)
Collecting click>=8.1.3 (from flask->-r requirements.txt (line 1))
  Downloading click-8.2.1-py3-none-any.whl.metadata (2.5 kB)
Collecting itsdangerous>=2.2.0 (from flask->-r requirements.txt (line 1))
  Downloading itsdangerous-2.2.0-py3-none-any.whl.metadata (1.9 kB)
Collecting jinja2>=3.1.2 (from flask->-r requirements.txt (line 1))
  Downloading jinja2-3.1.6-py3-none-any.whl.metadata (2.9 kB)
Collecting markupsafe>=2.1.1 (from flask->-r requirements.txt (line 1))
  Downloading MarkupSafe-3.0.2-cp312-cp312-manylinux_2_17_x86_64.manylinux2014_x86_64.whl.metadata (4.0 kB)
Collecting werkzeug>=3.1.0 (from flask->-r requirements.txt (line 1))
  Downloading werkzeug-3.1.3-py3-none-any.whl.metadata (3.7 kB)
Downloading flask-3.1.2-py3-none-any.whl (103 kB)
Downloading blinker-1.9.0-py3-none-any.whl (8.5 kB)
Downloading click-8.2.1-py3-none-any.whl (102 kB)
Downloading itsdangerous-2.2.0-py3-none-any.whl (16 kB)
Downloading jinja2-3.1.6-py3-none-any.whl (134 kB)
Downloading MarkupSafe-3.0.2-cp312-cp312-manylinux_2_17_x86_64.manylinux2014_x86_64.whl (23 kB)
Downloading werkzeug-3.1.3-py3-none-any.whl (224 kB)
Installing collected packages: markupsafe, itsdangerous, click, blinker, werkzeug, jinja2, flask

Successfully installed blinker-1.9.0 click-8.2.1 flask-3.1.2 itsdangerous-2.2.0 jinja2-3.1.6 markupsafe-3.0.2 werkzeug-3.1.3
WARNING: Running pip as the 'root' user can result in broken permissions and conflicting behaviour with the system package manager, possibly rendering your system unusable. It is recommended to use a virtual environment instead: https://pip.pypa.io/warnings/venv. Use the --root-user-action option if you know what you are doing and want to suppress this warning.

[notice] A new release of pip is available: 25.1.1 -> 25.2
[notice] To update, run: pip install --upgrade pip

[Container] 2025/09/06 08:51:06.364585 Running command echo "Installing semgrep ..."
Installing semgrep ...

[Container] 2025/09/06 08:51:06.370720 Running command pip install semgrep
Collecting semgrep
  Downloading semgrep-1.135.0-cp39.cp310.cp311.py39.py310.py311-none-musllinux_1_0_x86_64.manylinux2014_x86_64.whl.metadata (1.8 kB)
Collecting attrs>=21.3 (from semgrep)
  Downloading attrs-25.3.0-py3-none-any.whl.metadata (10 kB)
Collecting boltons~=21.0 (from semgrep)
  Downloading boltons-21.0.0-py2.py3-none-any.whl.metadata (1.5 kB)
Collecting click-option-group~=0.5 (from semgrep)
  Downloading click_option_group-0.5.7-py3-none-any.whl.metadata (5.8 kB)
Collecting click~=8.1.8 (from semgrep)
  Downloading click-8.1.8-py3-none-any.whl.metadata (2.3 kB)
Collecting colorama~=0.4.0 (from semgrep)
  Downloading colorama-0.4.6-py2.py3-none-any.whl.metadata (17 kB)
Collecting defusedxml~=0.7.1 (from semgrep)
  Downloading defusedxml-0.7.1-py2.py3-none-any.whl.metadata (32 kB)
Collecting exceptiongroup~=1.2.0 (from semgrep)
  Downloading exceptiongroup-1.2.2-py3-none-any.whl.metadata (6.6 kB)
Collecting glom~=22.1 (from semgrep)
  Downloading glom-22.1.0-py2.py3-none-any.whl.metadata (4.9 kB)
Collecting jsonschema~=4.6 (from semgrep)
  Downloading jsonschema-4.25.1-py3-none-any.whl.metadata (7.6 kB)
Collecting opentelemetry-api~=1.25.0 (from semgrep)
  Downloading opentelemetry_api-1.25.0-py3-none-any.whl.metadata (1.4 kB)
Collecting opentelemetry-sdk~=1.25.0 (from semgrep)
  Downloading opentelemetry_sdk-1.25.0-py3-none-any.whl.metadata (1.4 kB)
Collecting opentelemetry-exporter-otlp-proto-http~=1.25.0 (from semgrep)
  Downloading opentelemetry_exporter_otlp_proto_http-1.25.0-py3-none-any.whl.metadata (2.2 kB)
Collecting opentelemetry-instrumentation-requests~=0.46b0 (from semgrep)
  Downloading opentelemetry_instrumentation_requests-0.57b0-py3-none-any.whl.metadata (2.6 kB)
Requirement already satisfied: packaging>=21.0 in /root/.pyenv/versions/3.12.11/lib/python3.12/site-packages (from semgrep) (25.0)
Collecting peewee~=3.14 (from semgrep)
  Downloading peewee-3.18.2.tar.gz (949 kB)
     ━━━━━━━━━━━━━━━━━━━━━━━━━━━━━━━━━━━━━━ 949.2/949.2 kB 73.0 MB/s eta 0:00:00
  Installing build dependencies: started
  Installing build dependencies: finished with status 'done'
  Getting requirements to build wheel: started
  Getting requirements to build wheel: finished with status 'done'
  Preparing metadata (pyproject.toml): started
  Preparing metadata (pyproject.toml): finished with status 'done'
Collecting requests~=2.22 (from semgrep)
  Downloading requests-2.32.5-py3-none-any.whl.metadata (4.9 kB)
Collecting rich~=13.5.2 (from semgrep)
  Downloading rich-13.5.3-py3-none-any.whl.metadata (18 kB)
Collecting ruamel.yaml>=0.18.5 (from semgrep)
  Downloading ruamel.yaml-0.18.15-py3-none-any.whl.metadata (25 kB)
Collecting tomli~=2.0.1 (from semgrep)
  Downloading tomli-2.0.2-py3-none-any.whl.metadata (10.0 kB)
Collecting typing-extensions~=4.2 (from semgrep)
  Downloading typing_extensions-4.15.0-py3-none-any.whl.metadata (3.3 kB)
Requirement already satisfied: urllib3~=2.0 in /root/.pyenv/versions/3.12.11/lib/python3.12/site-packages (from semgrep) (2.5.0)
Collecting wcmatch~=8.3 (from semgrep)
  Downloading wcmatch-8.5.2-py3-none-any.whl.metadata (4.8 kB)
Collecting face>=20.1.0 (from glom~=22.1->semgrep)
  Downloading face-24.0.0-py3-none-any.whl.metadata (1.1 kB)
Collecting jsonschema-specifications>=2023.03.6 (from jsonschema~=4.6->semgrep)
  Downloading jsonschema_specifications-2025.4.1-py3-none-any.whl.metadata (2.9 kB)
Collecting referencing>=0.28.4 (from jsonschema~=4.6->semgrep)
  Downloading referencing-0.36.2-py3-none-any.whl.metadata (2.8 kB)
Collecting rpds-py>=0.7.1 (from jsonschema~=4.6->semgrep)
  Downloading rpds_py-0.27.1-cp312-cp312-manylinux_2_17_x86_64.manylinux2014_x86_64.whl.metadata (4.2 kB)
Collecting deprecated>=1.2.6 (from opentelemetry-api~=1.25.0->semgrep)
  Downloading Deprecated-1.2.18-py2.py3-none-any.whl.metadata (5.7 kB)
Collecting importlib-metadata<=7.1,>=6.0 (from opentelemetry-api~=1.25.0->semgrep)
  Downloading importlib_metadata-7.1.0-py3-none-any.whl.metadata (4.7 kB)
Collecting zipp>=0.5 (from importlib-metadata<=7.1,>=6.0->opentelemetry-api~=1.25.0->semgrep)
  Downloading zipp-3.23.0-py3-none-any.whl.metadata (3.6 kB)
Collecting googleapis-common-protos~=1.52 (from opentelemetry-exporter-otlp-proto-http~=1.25.0->semgrep)
  Downloading googleapis_common_protos-1.70.0-py3-none-any.whl.metadata (9.3 kB)
Collecting opentelemetry-exporter-otlp-proto-common==1.25.0 (from opentelemetry-exporter-otlp-proto-http~=1.25.0->semgrep)
  Downloading opentelemetry_exporter_otlp_proto_common-1.25.0-py3-none-any.whl.metadata (1.7 kB)
Collecting opentelemetry-proto==1.25.0 (from opentelemetry-exporter-otlp-proto-http~=1.25.0->semgrep)
  Downloading opentelemetry_proto-1.25.0-py3-none-any.whl.metadata (2.2 kB)
Collecting protobuf<5.0,>=3.19 (from opentelemetry-proto==1.25.0->opentelemetry-exporter-otlp-proto-http~=1.25.0->semgrep)
  Downloading protobuf-4.25.8-cp37-abi3-manylinux2014_x86_64.whl.metadata (541 bytes)
Collecting opentelemetry-instrumentation==0.57b0 (from opentelemetry-instrumentation-requests~=0.46b0->semgrep)
  Downloading opentelemetry_instrumentation-0.57b0-py3-none-any.whl.metadata (6.7 kB)
Collecting opentelemetry-semantic-conventions==0.57b0 (from opentelemetry-instrumentation-requests~=0.46b0->semgrep)
  Downloading opentelemetry_semantic_conventions-0.57b0-py3-none-any.whl.metadata (2.4 kB)
Collecting opentelemetry-util-http==0.57b0 (from opentelemetry-instrumentation-requests~=0.46b0->semgrep)
  Downloading opentelemetry_util_http-0.57b0-py3-none-any.whl.metadata (2.6 kB)
Collecting wrapt<2.0.0,>=1.0.0 (from opentelemetry-instrumentation==0.57b0->opentelemetry-instrumentation-requests~=0.46b0->semgrep)
  Downloading wrapt-1.17.3-cp312-cp312-manylinux1_x86_64.manylinux_2_28_x86_64.manylinux_2_5_x86_64.whl.metadata (6.4 kB)
INFO: pip is looking at multiple versions of opentelemetry-semantic-conventions to determine which version is compatible with other requirements. This could take a while.
Collecting opentelemetry-instrumentation-requests~=0.46b0 (from semgrep)
  Downloading opentelemetry_instrumentation_requests-0.56b0-py3-none-any.whl.metadata (2.6 kB)
Collecting opentelemetry-instrumentation==0.56b0 (from opentelemetry-instrumentation-requests~=0.46b0->semgrep)
  Downloading opentelemetry_instrumentation-0.56b0-py3-none-any.whl.metadata (6.7 kB)
Collecting opentelemetry-semantic-conventions==0.56b0 (from opentelemetry-instrumentation-requests~=0.46b0->semgrep)
  Downloading opentelemetry_semantic_conventions-0.56b0-py3-none-any.whl.metadata (2.4 kB)
Collecting opentelemetry-util-http==0.56b0 (from opentelemetry-instrumentation-requests~=0.46b0->semgrep)
  Downloading opentelemetry_util_http-0.56b0-py3-none-any.whl.metadata (2.6 kB)
Collecting opentelemetry-instrumentation-requests~=0.46b0 (from semgrep)
  Downloading opentelemetry_instrumentation_requests-0.55b1-py3-none-any.whl.metadata (2.6 kB)
Collecting opentelemetry-instrumentation==0.55b1 (from opentelemetry-instrumentation-requests~=0.46b0->semgrep)
  Downloading opentelemetry_instrumentation-0.55b1-py3-none-any.whl.metadata (6.7 kB)
Collecting opentelemetry-semantic-conventions==0.55b1 (from opentelemetry-instrumentation-requests~=0.46b0->semgrep)
  Downloading opentelemetry_semantic_conventions-0.55b1-py3-none-any.whl.metadata (2.5 kB)
Collecting opentelemetry-util-http==0.55b1 (from opentelemetry-instrumentation-requests~=0.46b0->semgrep)
  Downloading opentelemetry_util_http-0.55b1-py3-none-any.whl.metadata (2.6 kB)
Collecting opentelemetry-instrumentation-requests~=0.46b0 (from semgrep)
  Downloading opentelemetry_instrumentation_requests-0.55b0-py3-none-any.whl.metadata (2.6 kB)
Collecting opentelemetry-instrumentation==0.55b0 (from opentelemetry-instrumentation-requests~=0.46b0->semgrep)
  Downloading opentelemetry_instrumentation-0.55b0-py3-none-any.whl.metadata (6.7 kB)
Collecting opentelemetry-semantic-conventions==0.55b0 (from opentelemetry-instrumentation-requests~=0.46b0->semgrep)
  Downloading opentelemetry_semantic_conventions-0.55b0-py3-none-any.whl.metadata (2.5 kB)
Collecting opentelemetry-util-http==0.55b0 (from opentelemetry-instrumentation-requests~=0.46b0->semgrep)
  Downloading opentelemetry_util_http-0.55b0-py3-none-any.whl.metadata (2.6 kB)
Collecting opentelemetry-instrumentation-requests~=0.46b0 (from semgrep)
  Downloading opentelemetry_instrumentation_requests-0.54b1-py3-none-any.whl.metadata (2.7 kB)
Collecting opentelemetry-instrumentation==0.54b1 (from opentelemetry-instrumentation-requests~=0.46b0->semgrep)
  Downloading opentelemetry_instrumentation-0.54b1-py3-none-any.whl.metadata (6.8 kB)
Collecting opentelemetry-semantic-conventions==0.54b1 (from opentelemetry-instrumentation-requests~=0.46b0->semgrep)
  Downloading opentelemetry_semantic_conventions-0.54b1-py3-none-any.whl.metadata (2.5 kB)
Collecting opentelemetry-util-http==0.54b1 (from opentelemetry-instrumentation-requests~=0.46b0->semgrep)
  Downloading opentelemetry_util_http-0.54b1-py3-none-any.whl.metadata (2.6 kB)
Collecting opentelemetry-instrumentation-requests~=0.46b0 (from semgrep)
  Downloading opentelemetry_instrumentation_requests-0.54b0-py3-none-any.whl.metadata (2.7 kB)
Collecting opentelemetry-instrumentation==0.54b0 (from opentelemetry-instrumentation-requests~=0.46b0->semgrep)
  Downloading opentelemetry_instrumentation-0.54b0-py3-none-any.whl.metadata (6.8 kB)
Collecting opentelemetry-semantic-conventions==0.54b0 (from opentelemetry-instrumentation-requests~=0.46b0->semgrep)
  Downloading opentelemetry_semantic_conventions-0.54b0-py3-none-any.whl.metadata (2.5 kB)
Collecting opentelemetry-util-http==0.54b0 (from opentelemetry-instrumentation-requests~=0.46b0->semgrep)
  Downloading opentelemetry_util_http-0.54b0-py3-none-any.whl.metadata (2.6 kB)
Collecting opentelemetry-instrumentation-requests~=0.46b0 (from semgrep)
  Downloading opentelemetry_instrumentation_requests-0.53b1-py3-none-any.whl.metadata (2.7 kB)
Collecting opentelemetry-instrumentation==0.53b1 (from opentelemetry-instrumentation-requests~=0.46b0->semgrep)
  Downloading opentelemetry_instrumentation-0.53b1-py3-none-any.whl.metadata (6.8 kB)
Collecting opentelemetry-semantic-conventions==0.53b1 (from opentelemetry-instrumentation-requests~=0.46b0->semgrep)
  Downloading opentelemetry_semantic_conventions-0.53b1-py3-none-any.whl.metadata (2.5 kB)
Collecting opentelemetry-util-http==0.53b1 (from opentelemetry-instrumentation-requests~=0.46b0->semgrep)
  Downloading opentelemetry_util_http-0.53b1-py3-none-any.whl.metadata (2.6 kB)
Collecting opentelemetry-instrumentation-requests~=0.46b0 (from semgrep)
  Downloading opentelemetry_instrumentation_requests-0.53b0-py3-none-any.whl.metadata (2.7 kB)
Collecting opentelemetry-instrumentation==0.53b0 (from opentelemetry-instrumentation-requests~=0.46b0->semgrep)
  Downloading opentelemetry_instrumentation-0.53b0-py3-none-any.whl.metadata (6.8 kB)
Collecting opentelemetry-semantic-conventions==0.53b0 (from opentelemetry-instrumentation-requests~=0.46b0->semgrep)
  Downloading opentelemetry_semantic_conventions-0.53b0-py3-none-any.whl.metadata (2.5 kB)
Collecting opentelemetry-util-http==0.53b0 (from opentelemetry-instrumentation-requests~=0.46b0->semgrep)
  Downloading opentelemetry_util_http-0.53b0-py3-none-any.whl.metadata (2.6 kB)
INFO: pip is still looking at multiple versions of opentelemetry-semantic-conventions to determine which version is compatible with other requirements. This could take a while.
Collecting opentelemetry-instrumentation-requests~=0.46b0 (from semgrep)
  Downloading opentelemetry_instrumentation_requests-0.52b1-py3-none-any.whl.metadata (2.7 kB)
Collecting opentelemetry-instrumentation==0.52b1 (from opentelemetry-instrumentation-requests~=0.46b0->semgrep)
  Downloading opentelemetry_instrumentation-0.52b1-py3-none-any.whl.metadata (6.8 kB)
Collecting opentelemetry-semantic-conventions==0.52b1 (from opentelemetry-instrumentation-requests~=0.46b0->semgrep)
  Downloading opentelemetry_semantic_conventions-0.52b1-py3-none-any.whl.metadata (2.5 kB)
Collecting opentelemetry-util-http==0.52b1 (from opentelemetry-instrumentation-requests~=0.46b0->semgrep)
  Downloading opentelemetry_util_http-0.52b1-py3-none-any.whl.metadata (2.6 kB)
Collecting opentelemetry-instrumentation-requests~=0.46b0 (from semgrep)
  Downloading opentelemetry_instrumentation_requests-0.52b0-py3-none-any.whl.metadata (2.7 kB)
Collecting opentelemetry-instrumentation==0.52b0 (from opentelemetry-instrumentation-requests~=0.46b0->semgrep)
  Downloading opentelemetry_instrumentation-0.52b0-py3-none-any.whl.metadata (6.8 kB)
Collecting opentelemetry-semantic-conventions==0.52b0 (from opentelemetry-instrumentation-requests~=0.46b0->semgrep)
  Downloading opentelemetry_semantic_conventions-0.52b0-py3-none-any.whl.metadata (2.5 kB)
Collecting opentelemetry-util-http==0.52b0 (from opentelemetry-instrumentation-requests~=0.46b0->semgrep)
  Downloading opentelemetry_util_http-0.52b0-py3-none-any.whl.metadata (2.6 kB)
Collecting opentelemetry-instrumentation-requests~=0.46b0 (from semgrep)
  Downloading opentelemetry_instrumentation_requests-0.51b0-py3-none-any.whl.metadata (2.7 kB)
Collecting opentelemetry-instrumentation==0.51b0 (from opentelemetry-instrumentation-requests~=0.46b0->semgrep)
  Downloading opentelemetry_instrumentation-0.51b0-py3-none-any.whl.metadata (6.3 kB)
Collecting opentelemetry-semantic-conventions==0.51b0 (from opentelemetry-instrumentation-requests~=0.46b0->semgrep)
  Downloading opentelemetry_semantic_conventions-0.51b0-py3-none-any.whl.metadata (2.5 kB)
Collecting opentelemetry-util-http==0.51b0 (from opentelemetry-instrumentation-requests~=0.46b0->semgrep)
  Downloading opentelemetry_util_http-0.51b0-py3-none-any.whl.metadata (2.6 kB)
Collecting opentelemetry-instrumentation-requests~=0.46b0 (from semgrep)
  Downloading opentelemetry_instrumentation_requests-0.50b0-py3-none-any.whl.metadata (2.5 kB)
Collecting opentelemetry-instrumentation==0.50b0 (from opentelemetry-instrumentation-requests~=0.46b0->semgrep)
  Downloading opentelemetry_instrumentation-0.50b0-py3-none-any.whl.metadata (6.1 kB)
Collecting opentelemetry-semantic-conventions==0.50b0 (from opentelemetry-instrumentation-requests~=0.46b0->semgrep)
  Downloading opentelemetry_semantic_conventions-0.50b0-py3-none-any.whl.metadata (2.3 kB)
Collecting opentelemetry-util-http==0.50b0 (from opentelemetry-instrumentation-requests~=0.46b0->semgrep)
  Downloading opentelemetry_util_http-0.50b0-py3-none-any.whl.metadata (2.5 kB)
Collecting opentelemetry-instrumentation-requests~=0.46b0 (from semgrep)
  Downloading opentelemetry_instrumentation_requests-0.49b2-py3-none-any.whl.metadata (2.5 kB)
Collecting opentelemetry-instrumentation==0.49b2 (from opentelemetry-instrumentation-requests~=0.46b0->semgrep)
  Downloading opentelemetry_instrumentation-0.49b2-py3-none-any.whl.metadata (6.1 kB)
Collecting opentelemetry-semantic-conventions==0.49b2 (from opentelemetry-instrumentation-requests~=0.46b0->semgrep)
  Downloading opentelemetry_semantic_conventions-0.49b2-py3-none-any.whl.metadata (2.3 kB)
Collecting opentelemetry-util-http==0.49b2 (from opentelemetry-instrumentation-requests~=0.46b0->semgrep)
  Downloading opentelemetry_util_http-0.49b2-py3-none-any.whl.metadata (2.5 kB)
INFO: This is taking longer than usual. You might need to provide the dependency resolver with stricter constraints to reduce runtime. See https://pip.pypa.io/warnings/backtracking for guidance. If you want to abort this run, press Ctrl + C.
Collecting opentelemetry-instrumentation-requests~=0.46b0 (from semgrep)
  Downloading opentelemetry_instrumentation_requests-0.49b1-py3-none-any.whl.metadata (2.5 kB)
Collecting opentelemetry-instrumentation==0.49b1 (from opentelemetry-instrumentation-requests~=0.46b0->semgrep)
  Downloading opentelemetry_instrumentation-0.49b1-py3-none-any.whl.metadata (6.2 kB)
Collecting opentelemetry-semantic-conventions==0.49b1 (from opentelemetry-instrumentation-requests~=0.46b0->semgrep)
  Downloading opentelemetry_semantic_conventions-0.49b1-py3-none-any.whl.metadata (2.4 kB)
Collecting opentelemetry-util-http==0.49b1 (from opentelemetry-instrumentation-requests~=0.46b0->semgrep)
  Downloading opentelemetry_util_http-0.49b1-py3-none-any.whl.metadata (2.5 kB)
Collecting opentelemetry-instrumentation-requests~=0.46b0 (from semgrep)
  Downloading opentelemetry_instrumentation_requests-0.49b0-py3-none-any.whl.metadata (2.5 kB)
Collecting opentelemetry-instrumentation==0.49b0 (from opentelemetry-instrumentation-requests~=0.46b0->semgrep)
  Downloading opentelemetry_instrumentation-0.49b0-py3-none-any.whl.metadata (6.2 kB)
Collecting opentelemetry-semantic-conventions==0.49b0 (from opentelemetry-instrumentation-requests~=0.46b0->semgrep)
  Downloading opentelemetry_semantic_conventions-0.49b0-py3-none-any.whl.metadata (2.4 kB)
Collecting opentelemetry-util-http==0.49b0 (from opentelemetry-instrumentation-requests~=0.46b0->semgrep)
  Downloading opentelemetry_util_http-0.49b0-py3-none-any.whl.metadata (2.5 kB)
Collecting opentelemetry-instrumentation-requests~=0.46b0 (from semgrep)
  Downloading opentelemetry_instrumentation_requests-0.48b0-py3-none-any.whl.metadata (2.5 kB)
Collecting opentelemetry-instrumentation==0.48b0 (from opentelemetry-instrumentation-requests~=0.46b0->semgrep)
  Downloading opentelemetry_instrumentation-0.48b0-py3-none-any.whl.metadata (6.1 kB)
Collecting opentelemetry-semantic-conventions==0.48b0 (from opentelemetry-instrumentation-requests~=0.46b0->semgrep)
  Downloading opentelemetry_semantic_conventions-0.48b0-py3-none-any.whl.metadata (2.4 kB)
Collecting opentelemetry-util-http==0.48b0 (from opentelemetry-instrumentation-requests~=0.46b0->semgrep)
  Downloading opentelemetry_util_http-0.48b0-py3-none-any.whl.metadata (2.5 kB)
Requirement already satisfied: setuptools>=16.0 in /root/.pyenv/versions/3.12.11/lib/python3.12/site-packages (from opentelemetry-instrumentation==0.48b0->opentelemetry-instrumentation-requests~=0.46b0->semgrep) (80.9.0)
Collecting opentelemetry-instrumentation-requests~=0.46b0 (from semgrep)
  Downloading opentelemetry_instrumentation_requests-0.47b0-py3-none-any.whl.metadata (2.5 kB)
Collecting opentelemetry-instrumentation==0.47b0 (from opentelemetry-instrumentation-requests~=0.46b0->semgrep)
  Downloading opentelemetry_instrumentation-0.47b0-py3-none-any.whl.metadata (6.1 kB)
Collecting opentelemetry-semantic-conventions==0.47b0 (from opentelemetry-instrumentation-requests~=0.46b0->semgrep)
  Downloading opentelemetry_semantic_conventions-0.47b0-py3-none-any.whl.metadata (2.4 kB)
Collecting opentelemetry-util-http==0.47b0 (from opentelemetry-instrumentation-requests~=0.46b0->semgrep)
  Downloading opentelemetry_util_http-0.47b0-py3-none-any.whl.metadata (2.5 kB)
Collecting opentelemetry-instrumentation-requests~=0.46b0 (from semgrep)
  Downloading opentelemetry_instrumentation_requests-0.46b0-py3-none-any.whl.metadata (2.5 kB)
Collecting opentelemetry-instrumentation==0.46b0 (from opentelemetry-instrumentation-requests~=0.46b0->semgrep)
  Downloading opentelemetry_instrumentation-0.46b0-py3-none-any.whl.metadata (6.1 kB)
Collecting opentelemetry-semantic-conventions==0.46b0 (from opentelemetry-instrumentation-requests~=0.46b0->semgrep)
  Downloading opentelemetry_semantic_conventions-0.46b0-py3-none-any.whl.metadata (2.3 kB)
Collecting opentelemetry-util-http==0.46b0 (from opentelemetry-instrumentation-requests~=0.46b0->semgrep)
  Downloading opentelemetry_util_http-0.46b0-py3-none-any.whl.metadata (2.4 kB)
Collecting charset_normalizer<4,>=2 (from requests~=2.22->semgrep)
  Downloading charset_normalizer-3.4.3-cp312-cp312-manylinux2014_x86_64.manylinux_2_17_x86_64.manylinux_2_28_x86_64.whl.metadata (36 kB)
Collecting idna<4,>=2.5 (from requests~=2.22->semgrep)
  Downloading idna-3.10-py3-none-any.whl.metadata (10 kB)
Requirement already satisfied: certifi>=2017.4.17 in /root/.pyenv/versions/3.12.11/lib/python3.12/site-packages (from requests~=2.22->semgrep) (2025.8.3)
Collecting markdown-it-py>=2.2.0 (from rich~=13.5.2->semgrep)
  Downloading markdown_it_py-4.0.0-py3-none-any.whl.metadata (7.3 kB)
Collecting pygments<3.0.0,>=2.13.0 (from rich~=13.5.2->semgrep)
  Downloading pygments-2.19.2-py3-none-any.whl.metadata (2.5 kB)
Collecting bracex>=2.1.1 (from wcmatch~=8.3->semgrep)
  Downloading bracex-2.6-py3-none-any.whl.metadata (3.6 kB)
Collecting mdurl~=0.1 (from markdown-it-py>=2.2.0->rich~=13.5.2->semgrep)
  Downloading mdurl-0.1.2-py3-none-any.whl.metadata (1.6 kB)
Collecting ruamel.yaml.clib>=0.2.7 (from ruamel.yaml>=0.18.5->semgrep)
  Downloading ruamel.yaml.clib-0.2.12-cp312-cp312-manylinux_2_17_x86_64.manylinux2014_x86_64.whl.metadata (2.7 kB)
Downloading semgrep-1.135.0-cp39.cp310.cp311.py39.py310.py311-none-musllinux_1_0_x86_64.manylinux2014_x86_64.whl (49.5 MB)
   ━━━━━━━━━━━━━━━━━━━━━━━━━━━━━━━━━━━━━━━━ 49.5/49.5 MB 258.6 MB/s eta 0:00:00
Downloading boltons-21.0.0-py2.py3-none-any.whl (193 kB)
Downloading click-8.1.8-py3-none-any.whl (98 kB)
Downloading click_option_group-0.5.7-py3-none-any.whl (11 kB)
Downloading colorama-0.4.6-py2.py3-none-any.whl (25 kB)
Downloading defusedxml-0.7.1-py2.py3-none-any.whl (25 kB)
Downloading exceptiongroup-1.2.2-py3-none-any.whl (16 kB)
Downloading glom-22.1.0-py2.py3-none-any.whl (100 kB)
Downloading jsonschema-4.25.1-py3-none-any.whl (90 kB)
Downloading opentelemetry_api-1.25.0-py3-none-any.whl (59 kB)
Downloading importlib_metadata-7.1.0-py3-none-any.whl (24 kB)
Downloading opentelemetry_exporter_otlp_proto_http-1.25.0-py3-none-any.whl (16 kB)
Downloading opentelemetry_exporter_otlp_proto_common-1.25.0-py3-none-any.whl (17 kB)
Downloading opentelemetry_proto-1.25.0-py3-none-any.whl (52 kB)
Downloading googleapis_common_protos-1.70.0-py3-none-any.whl (294 kB)
Downloading opentelemetry_instrumentation_requests-0.46b0-py3-none-any.whl (12 kB)
Downloading opentelemetry_instrumentation-0.46b0-py3-none-any.whl (29 kB)
Downloading opentelemetry_semantic_conventions-0.46b0-py3-none-any.whl (130 kB)
Downloading opentelemetry_util_http-0.46b0-py3-none-any.whl (6.9 kB)
Downloading opentelemetry_sdk-1.25.0-py3-none-any.whl (107 kB)
Downloading protobuf-4.25.8-cp37-abi3-manylinux2014_x86_64.whl (294 kB)
Downloading requests-2.32.5-py3-none-any.whl (64 kB)
Downloading charset_normalizer-3.4.3-cp312-cp312-manylinux2014_x86_64.manylinux_2_17_x86_64.manylinux_2_28_x86_64.whl (151 kB)
Downloading idna-3.10-py3-none-any.whl (70 kB)
Downloading rich-13.5.3-py3-none-any.whl (239 kB)
Downloading pygments-2.19.2-py3-none-any.whl (1.2 MB)
   ━━━━━━━━━━━━━━━━━━━━━━━━━━━━━━━━━━━━━━━━ 1.2/1.2 MB 144.4 MB/s eta 0:00:00
Downloading tomli-2.0.2-py3-none-any.whl (13 kB)
Downloading typing_extensions-4.15.0-py3-none-any.whl (44 kB)
Downloading wcmatch-8.5.2-py3-none-any.whl (39 kB)
Downloading wrapt-1.17.3-cp312-cp312-manylinux1_x86_64.manylinux_2_28_x86_64.manylinux_2_5_x86_64.whl (88 kB)
Downloading attrs-25.3.0-py3-none-any.whl (63 kB)
Downloading bracex-2.6-py3-none-any.whl (11 kB)
Downloading Deprecated-1.2.18-py2.py3-none-any.whl (10.0 kB)
Downloading face-24.0.0-py3-none-any.whl (54 kB)
Downloading jsonschema_specifications-2025.4.1-py3-none-any.whl (18 kB)
Downloading markdown_it_py-4.0.0-py3-none-any.whl (87 kB)
Downloading mdurl-0.1.2-py3-none-any.whl (10.0 kB)
Downloading referencing-0.36.2-py3-none-any.whl (26 kB)
Downloading rpds_py-0.27.1-cp312-cp312-manylinux_2_17_x86_64.manylinux2014_x86_64.whl (386 kB)
Downloading ruamel.yaml-0.18.15-py3-none-any.whl (119 kB)
Downloading ruamel.yaml.clib-0.2.12-cp312-cp312-manylinux_2_17_x86_64.manylinux2014_x86_64.whl (754 kB)
   ━━━━━━━━━━━━━━━━━━━━━━━━━━━━━━━━━━━━━━━━ 754.1/754.1 kB 93.5 MB/s eta 0:00:00
Downloading zipp-3.23.0-py3-none-any.whl (10 kB)
Building wheels for collected packages: peewee
  Building wheel for peewee (pyproject.toml): started
  Building wheel for peewee (pyproject.toml): finished with status 'done'
  Created wheel for peewee: filename=peewee-3.18.2-cp312-cp312-linux_x86_64.whl size=1020962 sha256=589111962494f4b8b9f5d7987a629a82f8a010f35d477881d5633e3654107614
  Stored in directory: /root/.cache/pip/wheels/d1/df/a9/0202b051c65b11c992dd6db9f2babdd2c44ec7d35d511be5d3
Successfully built peewee
Installing collected packages: peewee, boltons, zipp, wrapt, typing-extensions, tomli, ruamel.yaml.clib, rpds-py, pygments, protobuf, opentelemetry-util-http, mdurl, idna, face, exceptiongroup, defusedxml, colorama, click, charset_normalizer, bracex, attrs, wcmatch, ruamel.yaml, requests, referencing, opentelemetry-proto, markdown-it-py, importlib-metadata, googleapis-common-protos, glom, deprecated, click-option-group, rich, opentelemetry-exporter-otlp-proto-common, opentelemetry-api, jsonschema-specifications, opentelemetry-semantic-conventions, opentelemetry-instrumentation, jsonschema, opentelemetry-sdk, opentelemetry-instrumentation-requests, opentelemetry-exporter-otlp-proto-http, semgrep
  Attempting uninstall: click
    Found existing installation: click 8.2.1
    Uninstalling click-8.2.1:
      Successfully uninstalled click-8.2.1

Successfully installed attrs-25.3.0 boltons-21.0.0 bracex-2.6 charset_normalizer-3.4.3 click-8.1.8 click-option-group-0.5.7 colorama-0.4.6 defusedxml-0.7.1 deprecated-1.2.18 exceptiongroup-1.2.2 face-24.0.0 glom-22.1.0 googleapis-common-protos-1.70.0 idna-3.10 importlib-metadata-7.1.0 jsonschema-4.25.1 jsonschema-specifications-2025.4.1 markdown-it-py-4.0.0 mdurl-0.1.2 opentelemetry-api-1.25.0 opentelemetry-exporter-otlp-proto-common-1.25.0 opentelemetry-exporter-otlp-proto-http-1.25.0 opentelemetry-instrumentation-0.46b0 opentelemetry-instrumentation-requests-0.46b0 opentelemetry-proto-1.25.0 opentelemetry-sdk-1.25.0 opentelemetry-semantic-conventions-0.46b0 opentelemetry-util-http-0.46b0 peewee-3.18.2 protobuf-4.25.8 pygments-2.19.2 referencing-0.36.2 requests-2.32.5 rich-13.5.3 rpds-py-0.27.1 ruamel.yaml-0.18.15 ruamel.yaml.clib-0.2.12 semgrep-1.135.0 tomli-2.0.2 typing-extensions-4.15.0 wcmatch-8.5.2 wrapt-1.17.3 zipp-3.23.0
WARNING: Running pip as the 'root' user can result in broken permissions and conflicting behaviour with the system package manager, possibly rendering your system unusable. It is recommended to use a virtual environment instead: https://pip.pypa.io/warnings/venv. Use the --root-user-action option if you know what you are doing and want to suppress this warning.

[notice] A new release of pip is available: 25.1.1 -> 25.2
[notice] To update, run: pip install --upgrade pip

[Container] 2025/09/06 08:51:35.241349 Running command echo "Installing snyk cli ..."
Installing snyk cli ...

[Container] 2025/09/06 08:51:35.246713 Running command curl https://static.snyk.io/cli/latest/snyk-linux -o snyk
  % Total    % Received % Xferd  Average Speed   Time    Time     Time  Current
                                 Dload  Upload   Total   Spent    Left  Speed

  0     0    0     0    0     0      0      0 --:--:-- --:--:-- --:--:--     0
  0     0    0     0    0     0      0      0 --:--:-- --:--:-- --:--:--     0
  0     0    0     0    0     0      0      0 --:--:--  0:00:01 --:--:--     0
100 5548k    0 5548k    0     0  2561k      0 --:--:--  0:00:02 --:--:-- 2560k
100 98.0M    0 98.0M    0     0  30.9M      0 --:--:--  0:00:03 --:--:-- 30.9M
100  127M    0  127M    0     0  37.5M      0 --:--:--  0:00:03 --:--:-- 37.5M

[Container] 2025/09/06 08:51:38.725157 Running command chmod +x ./snyk

[Container] 2025/09/06 08:51:38.732249 Running command mv ./snyk /usr/local/bin/

[Container] 2025/09/06 08:51:38.929605 Running command echo "Installing trivy ..."
Installing trivy ...

[Container] 2025/09/06 08:51:38.940413 Running command sudo apt-get update && sudo apt-get install -y wget gnupg curl
Hit:1 https://cli.github.com/packages stable InRelease
Get:2 https://apt.corretto.aws stable InRelease [10.7 kB]
Get:3 https://dl.google.com/linux/chrome/deb stable InRelease [1,825 B]
Get:4 https://dl.google.com/linux/chrome/deb stable/main amd64 Packages [1,209 B]
Hit:5 https://ppa.launchpadcontent.net/mozillateam/ppa/ubuntu jammy InRelease
Get:6 http://security.ubuntu.com/ubuntu jammy-security InRelease [129 kB]
Get:7 http://security.ubuntu.com/ubuntu jammy-security/main i386 Packages [863 kB]
Get:8 http://security.ubuntu.com/ubuntu jammy-security/universe i386 Packages [838 kB]
Get:9 http://security.ubuntu.com/ubuntu jammy-security/restricted amd64 Packages [5,374 kB]
Get:10 http://security.ubuntu.com/ubuntu jammy-security/main amd64 Packages [3,310 kB]
Get:11 http://security.ubuntu.com/ubuntu jammy-security/universe amd64 Packages [1,272 kB]
Hit:12 http://archive.ubuntu.com/ubuntu jammy InRelease
Get:13 http://archive.ubuntu.com/ubuntu jammy-updates InRelease [128 kB]
Get:14 http://archive.ubuntu.com/ubuntu jammy-backports InRelease [127 kB]
Get:15 http://archive.ubuntu.com/ubuntu jammy-updates/main i386 Packages [1,084 kB]
Get:16 http://archive.ubuntu.com/ubuntu jammy-updates/restricted amd64 Packages [5,560 kB]
Get:17 http://archive.ubuntu.com/ubuntu jammy-updates/universe amd64 Packages [1,580 kB]
Get:18 http://archive.ubuntu.com/ubuntu jammy-updates/universe i386 Packages [980 kB]
Get:19 http://archive.ubuntu.com/ubuntu jammy-updates/main amd64 Packages [3,623 kB]
Fetched 24.9 MB in 18s (1,409 kB/s)
Reading package lists...
Reading package lists...
Building dependency tree...
Reading state information...
curl is already the newest version (7.81.0-1ubuntu1.20).
gnupg is already the newest version (2.2.27-3ubuntu2.4).
wget is already the newest version (1.21.2-2ubuntu1.1).
0 upgraded, 0 newly installed, 0 to remove and 1 not upgraded.

[Container] 2025/09/06 08:52:05.552664 Running command wget -qO - https://aquasecurity.github.io/trivy-repo/deb/public.key | gpg --dearmor | sudo tee /usr/share/keyrings/trivy.gpg > /dev/null

[Container] 2025/09/06 08:52:05.927947 Running command echo "deb [signed-by=/usr/share/keyrings/trivy.gpg] https://aquasecurity.github.io/trivy-repo/deb generic main" | sudo tee -a /etc/apt/sources.list.d/trivy.list
deb [signed-by=/usr/share/keyrings/trivy.gpg] https://aquasecurity.github.io/trivy-repo/deb generic main

[Container] 2025/09/06 08:52:05.939973 Running command sudo apt-get update
Hit:1 https://apt.corretto.aws stable InRelease
Hit:2 https://cli.github.com/packages stable InRelease
Get:3 https://aquasecurity.github.io/trivy-repo/deb generic InRelease [3,063 B]
Hit:4 https://dl.google.com/linux/chrome/deb stable InRelease
Get:5 https://aquasecurity.github.io/trivy-repo/deb generic/main amd64 Packages [369 B]
Hit:6 http://archive.ubuntu.com/ubuntu jammy InRelease
Get:7 https://aquasecurity.github.io/trivy-repo/deb generic/main i386 Packages [368 B]
Hit:8 http://archive.ubuntu.com/ubuntu jammy-updates InRelease
Hit:9 http://archive.ubuntu.com/ubuntu jammy-backports InRelease
Hit:10 https://ppa.launchpadcontent.net/mozillateam/ppa/ubuntu jammy InRelease
Hit:11 http://security.ubuntu.com/ubuntu jammy-security InRelease
Fetched 3,800 B in 2s (1,939 B/s)
Reading package lists...

[Container] 2025/09/06 08:52:09.151365 Running command sudo apt-get install -y trivy
Reading package lists...
Building dependency tree...
Reading state information...
The following NEW packages will be installed:
  trivy
0 upgraded, 1 newly installed, 0 to remove and 1 not upgraded.
Need to get 46.2 MB of archives.
After this operation, 155 MB of additional disk space will be used.
Get:1 https://aquasecurity.github.io/trivy-repo/deb generic/main amd64 trivy amd64 0.66.0 [46.2 MB]
debconf: unable to initialize frontend: Dialog
debconf: (Dialog frontend will not work on a dumb terminal, an emacs shell buffer, or without a controlling terminal.)
debconf: falling back to frontend: Readline
debconf: unable to initialize frontend: Readline
debconf: (This frontend requires a controlling tty.)
debconf: falling back to frontend: Teletype
dpkg-preconfigure: unable to re-open stdin: 
Fetched 46.2 MB in 1s (82.1 MB/s)
Selecting previously unselected package trivy.
(Reading database ... 
(Reading database ... 5%
(Reading database ... 10%
(Reading database ... 15%
(Reading database ... 20%
(Reading database ... 25%
(Reading database ... 30%
(Reading database ... 35%
(Reading database ... 40%
(Reading database ... 45%
(Reading database ... 50%
(Reading database ... 55%
(Reading database ... 60%
(Reading database ... 65%
(Reading database ... 70%
(Reading database ... 75%
(Reading database ... 80%
(Reading database ... 85%
(Reading database ... 90%
(Reading database ... 95%
(Reading database ... 100%
(Reading database ... 58253 files and directories currently installed.)
Preparing to unpack .../trivy_0.66.0_amd64.deb ...
Unpacking trivy (0.66.0) ...
Setting up trivy (0.66.0) ...

[Container] 2025/09/06 08:52:17.903223 Phase complete: INSTALL State: SUCCEEDED
[Container] 2025/09/06 08:52:17.903244 Phase context status code:  Message: 
[Container] 2025/09/06 08:52:17.945436 Entering phase PRE_BUILD
[Container] 2025/09/06 08:52:17.948158 Phase complete: PRE_BUILD State: SUCCEEDED
[Container] 2025/09/06 08:52:17.948174 Phase context status code:  Message: 
[Container] 2025/09/06 08:52:17.985102 Entering phase BUILD
[Container] 2025/09/06 08:52:17.986093 Running command echo "Running Semgrep scan ..."
Running Semgrep scan ...

[Container] 2025/09/06 08:52:17.992330 Running command semgrep --config=auto --json --output=semgrep-results.json || true
/root/.pyenv/versions/3.12.11/lib/python3.12/site-packages/opentelemetry/instrumentation/dependencies.py:4: UserWarning: pkg_resources is deprecated as an API. See https://setuptools.pypa.io/en/latest/pkg_resources.html. The pkg_resources package is slated for removal as early as 2025-11-30. Refrain from using this package or pin to Setuptools<81.
  from pkg_resources import (
               
               
┌─────────────┐
│ Scan Status │
└─────────────┘
  Scanning 4 files tracked by git with 1062 Code rules:
                                                                                                                        
  Language      Rules   Files          Origin      Rules                                                                
 ─────────────────────────────        ───────────────────                                                               
  <multilang>      48       4          Community    1062                                                                
  python          243       1                                                                                           
  dockerfile        6       1                                                                                           
                                                                                                                        
                
                
┌──────────────┐
│ Scan Summary │
└──────────────┘
✅ Scan completed successfully.
 • Findings: 1 (1 blocking)
 • Rules run: 297
 • Targets scanned: 4
 • Parsed lines: ~100.0%
 • Scan was limited to files tracked by git
 • For a detailed list of skipped files and lines, run semgrep with the --verbose flag
Ran 297 rules on 4 files: 1 finding.

[Container] 2025/09/06 08:52:30.798650 Running command aws s3 cp semgrep-results.json "s3://$LOGS_BUCKET/semgrep-results-$(date +%Y%m%d%H%M%S).json"
Completed 2.5 KiB/2.5 KiB (23.4 KiB/s) with 1 file(s) remaining
upload: ./semgrep-results.json to s3://***/semgrep-results-20250906085230.json

[Container] 2025/09/06 08:52:37.925968 Running command echo "Authenticating with Snyk ..."
Authenticating with Snyk ...

[Container] 2025/09/06 08:52:37.933444 Running command snyk auth "$SNYK_TOKEN"

Your account has been authenticated. Snyk is now ready to be used.


[Container] 2025/09/06 08:52:42.465666 Running command echo "Running Snyk scan for open source vulnerabilities ..."
Running Snyk scan for open source vulnerabilities ...

[Container] 2025/09/06 08:52:42.471584 Running command snyk test --all-projects --org="$SNYK_ORG" --json > snyk-results.json || true

[Container] 2025/09/06 08:52:47.220441 Running command aws s3 cp snyk-results.json "s3://$LOGS_BUCKET/snyk-results-$(date +%Y%m%d%H%M%S).json"
Completed 2.6 KiB/2.6 KiB (41.3 KiB/s) with 1 file(s) remaining
upload: ./snyk-results.json to s3://***/snyk-results-20250906085247.json

[Container] 2025/09/06 08:52:47.987499 Running command snyk monitor || true

Monitoring /codebuild/output/src2551354910/src/github.com/mortal22soul/simple-python-app (simple-python-app)...

Explore this snapshot at https://app.snyk.io/org/mortal22soul/project/d3d834bb-8172-406b-aa4a-4dbc25e832c5/history/6859dd49-341f-46f1-8b16-f2e07553a7a0

Notifications about newly disclosed issues related to these dependencies will be emailed to you.


[Container] 2025/09/06 08:52:52.768545 Running command echo "Running Snyk scan for code vulnerabilities ..."
Running Snyk scan for code vulnerabilities ...

[Container] 2025/09/06 08:52:52.774588 Running command snyk code test --all-projects --org="$SNYK_ORG" --json > snyk-code-results.json || true

[Container] 2025/09/06 08:53:01.438415 Running command aws s3 cp snyk-code-results.json "s3://$LOGS_BUCKET/snyk-code-results-$(date +%Y%m%d%H%M%S).json"
Completed 404 Bytes/404 Bytes (6.3 KiB/s) with 1 file(s) remaining
upload: ./snyk-code-results.json to s3://***/snyk-code-results-20250906085301.json

[Container] 2025/09/06 08:53:02.216544 Running command echo "Building the image ..."
Building the image ...

[Container] 2025/09/06 08:53:02.222976 Running command docker build -t simple-python-app .
#0 building with "default" instance using docker driver

#1 [internal] load build definition from Dockerfile
#1 transferring dockerfile: 509B done
#1 DONE 0.0s

#2 [internal] load metadata for docker.io/library/python:slim
#2 DONE 3.4s

#3 [internal] load .dockerignore
#3 transferring context: 2B done
#3 DONE 0.0s

#4 [internal] load build context
#4 transferring context: 39.01kB done
#4 DONE 0.0s

#5 [1/5] FROM docker.io/library/python:slim@sha256:27f90d79cc85e9b7b2560063ef44fa0e9eaae7a7c3f5a9f74563065c5477cc24
#5 resolve docker.io/library/python:slim@sha256:27f90d79cc85e9b7b2560063ef44fa0e9eaae7a7c3f5a9f74563065c5477cc24 0.0s done
#5 sha256:9665f5d196e5856b0362a952ee582bcd28e7b790729de83f64b70975ff4481bd 1.75kB / 1.75kB done
#5 sha256:29e93e1cbf397bec486052ed53c12cfd104158418858c13a4e57329623f5e632 5.44kB / 5.44kB done
#5 sha256:396b1da7636e2dcd10565cb4f2f952cbb4a8a38b58d3b86a2cacb172fb70117c 0B / 29.77MB 0.1s
#5 sha256:7b1ad37e982c43c58d01111d612787fd261190d1587466b7c0469299af38debe 0B / 1.29MB 0.1s
#5 sha256:31b0d2470ce12eba9b1d8d97762511adddf82bcc6f19cdc2acf5d459d6aab501 0B / 11.73MB 0.1s
#5 sha256:27f90d79cc85e9b7b2560063ef44fa0e9eaae7a7c3f5a9f74563065c5477cc24 10.37kB / 10.37kB done
#5 sha256:396b1da7636e2dcd10565cb4f2f952cbb4a8a38b58d3b86a2cacb172fb70117c 6.29MB / 29.77MB 0.8s
#5 sha256:396b1da7636e2dcd10565cb4f2f952cbb4a8a38b58d3b86a2cacb172fb70117c 13.63MB / 29.77MB 0.9s
#5 sha256:396b1da7636e2dcd10565cb4f2f952cbb4a8a38b58d3b86a2cacb172fb70117c 22.02MB / 29.77MB 1.1s
#5 sha256:7b1ad37e982c43c58d01111d612787fd261190d1587466b7c0469299af38debe 1.29MB / 1.29MB 0.9s done
#5 sha256:8c141999d08327ce1db0a24fd7d25391dc2e4e0e2c14d70d0458fdf18761cfff 0B / 250B 1.1s
#5 sha256:396b1da7636e2dcd10565cb4f2f952cbb4a8a38b58d3b86a2cacb172fb70117c 27.26MB / 29.77MB 1.3s
#5 sha256:31b0d2470ce12eba9b1d8d97762511adddf82bcc6f19cdc2acf5d459d6aab501 4.19MB / 11.73MB 1.3s
#5 sha256:396b1da7636e2dcd10565cb4f2f952cbb4a8a38b58d3b86a2cacb172fb70117c 29.77MB / 29.77MB 1.4s done
#5 sha256:31b0d2470ce12eba9b1d8d97762511adddf82bcc6f19cdc2acf5d459d6aab501 10.49MB / 11.73MB 1.4s
#5 extracting sha256:396b1da7636e2dcd10565cb4f2f952cbb4a8a38b58d3b86a2cacb172fb70117c
#5 sha256:31b0d2470ce12eba9b1d8d97762511adddf82bcc6f19cdc2acf5d459d6aab501 11.73MB / 11.73MB 1.5s done
#5 sha256:8c141999d08327ce1db0a24fd7d25391dc2e4e0e2c14d70d0458fdf18761cfff 250B / 250B 1.5s done
#5 extracting sha256:396b1da7636e2dcd10565cb4f2f952cbb4a8a38b58d3b86a2cacb172fb70117c 1.0s done
#5 extracting sha256:7b1ad37e982c43c58d01111d612787fd261190d1587466b7c0469299af38debe
#5 extracting sha256:7b1ad37e982c43c58d01111d612787fd261190d1587466b7c0469299af38debe 0.1s done
#5 extracting sha256:31b0d2470ce12eba9b1d8d97762511adddf82bcc6f19cdc2acf5d459d6aab501 0.1s
#5 extracting sha256:31b0d2470ce12eba9b1d8d97762511adddf82bcc6f19cdc2acf5d459d6aab501 0.5s done
#5 extracting sha256:8c141999d08327ce1db0a24fd7d25391dc2e4e0e2c14d70d0458fdf18761cfff
#5 extracting sha256:8c141999d08327ce1db0a24fd7d25391dc2e4e0e2c14d70d0458fdf18761cfff done
#5 DONE 3.3s

#6 [2/5] WORKDIR /app
#6 DONE 0.4s

#7 [3/5] COPY requirements.txt .
#7 DONE 0.1s

#8 [4/5] RUN pip install -r requirements.txt
#8 1.581 Collecting flask (from -r requirements.txt (line 1))
#8 1.600   Downloading flask-3.1.2-py3-none-any.whl.metadata (3.2 kB)
#8 1.619 Collecting blinker>=1.9.0 (from flask->-r requirements.txt (line 1))
#8 1.622   Downloading blinker-1.9.0-py3-none-any.whl.metadata (1.6 kB)
#8 1.646 Collecting click>=8.1.3 (from flask->-r requirements.txt (line 1))
#8 1.649   Downloading click-8.2.1-py3-none-any.whl.metadata (2.5 kB)
#8 1.665 Collecting itsdangerous>=2.2.0 (from flask->-r requirements.txt (line 1))
#8 1.669   Downloading itsdangerous-2.2.0-py3-none-any.whl.metadata (1.9 kB)
#8 1.688 Collecting jinja2>=3.1.2 (from flask->-r requirements.txt (line 1))
#8 1.691   Downloading jinja2-3.1.6-py3-none-any.whl.metadata (2.9 kB)
#8 1.743 Collecting markupsafe>=2.1.1 (from flask->-r requirements.txt (line 1))
#8 1.747   Downloading MarkupSafe-3.0.2-cp313-cp313-manylinux_2_17_x86_64.manylinux2014_x86_64.whl.metadata (4.0 kB)
#8 1.773 Collecting werkzeug>=3.1.0 (from flask->-r requirements.txt (line 1))
#8 1.776   Downloading werkzeug-3.1.3-py3-none-any.whl.metadata (3.7 kB)
#8 1.789 Downloading flask-3.1.2-py3-none-any.whl (103 kB)
#8 1.799 Downloading blinker-1.9.0-py3-none-any.whl (8.5 kB)
#8 1.807 Downloading click-8.2.1-py3-none-any.whl (102 kB)
#8 1.814 Downloading itsdangerous-2.2.0-py3-none-any.whl (16 kB)
#8 1.822 Downloading jinja2-3.1.6-py3-none-any.whl (134 kB)
#8 1.830 Downloading MarkupSafe-3.0.2-cp313-cp313-manylinux_2_17_x86_64.manylinux2014_x86_64.whl (23 kB)
#8 1.838 Downloading werkzeug-3.1.3-py3-none-any.whl (224 kB)
#8 1.864 Installing collected packages: markupsafe, itsdangerous, click, blinker, werkzeug, jinja2, flask
#8 2.242 
#8 2.244 Successfully installed blinker-1.9.0 click-8.2.1 flask-3.1.2 itsdangerous-2.2.0 jinja2-3.1.6 markupsafe-3.0.2 werkzeug-3.1.3
#8 2.244 WARNING: Running pip as the 'root' user can result in broken permissions and conflicting behaviour with the system package manager, possibly rendering your system unusable. It is recommended to use a virtual environment instead: https://pip.pypa.io/warnings/venv. Use the --root-user-action option if you know what you are doing and want to suppress this warning.
#8 DONE 2.5s

#9 [5/5] COPY . .
#9 DONE 0.1s

#10 exporting to image
#10 exporting layers 0.1s done
#10 writing image sha256:6ff2ee5ce8dacb8362a0915c041bc5aa51ec2b7313ccfe3d29d15f1ae70e9a01 done
#10 naming to docker.io/library/simple-python-app done
#10 DONE 0.1s

[Container] 2025/09/06 08:53:12.963282 Phase complete: BUILD State: SUCCEEDED
[Container] 2025/09/06 08:53:12.963303 Phase context status code:  Message: 
[Container] 2025/09/06 08:53:13.000333 Entering phase POST_BUILD
[Container] 2025/09/06 08:53:13.001242 Running command echo "Running Trivy scan ..."
Running Trivy scan ...

[Container] 2025/09/06 08:53:13.007078 Running command trivy image --exit-code 0 --severity HIGH,CRITICAL --format json --output trivy-results.json simple-python-app
2025-09-06T08:53:13Z    INFO    [vulndb] Need to update DB
2025-09-06T08:53:13Z    INFO    [vulndb] Downloading vulnerability DB...
2025-09-06T08:53:13Z    INFO    [vulndb] Downloading artifact...    repo="mirror.gcr.io/aquasec/trivy-db:2"
271.22 KiB / 70.02 MiB [>____________________________________________________________] 0.38% ? p/s ?2.53 MiB / 70.02 MiB [-->____________________________________________________________] 3.61% ? p/s ?11.73 MiB / 70.02 MiB [---------->__________________________________________________] 16.76% ? p/s ?20.98 MiB / 70.02 MiB [-------------->_________________________________] 29.97% 34.56 MiB p/s ETA 1s30.53 MiB / 70.02 MiB [-------------------->___________________________] 43.60% 34.56 MiB p/s ETA 1s40.09 MiB / 70.02 MiB [--------------------------->____________________] 57.26% 34.56 MiB p/s ETA 0s48.86 MiB / 70.02 MiB [--------------------------------->______________] 69.78% 35.32 MiB p/s ETA 0s57.80 MiB / 70.02 MiB [--------------------------------------->________] 82.55% 35.32 MiB p/s ETA 0s67.39 MiB / 70.02 MiB [---------------------------------------------->_] 96.25% 35.32 MiB p/s ETA 0s70.02 MiB / 70.02 MiB [---------------------------------------------->] 100.00% 35.32 MiB p/s ETA 0s70.02 MiB / 70.02 MiB [---------------------------------------------->] 100.00% 35.32 MiB p/s ETA 0s70.02 MiB / 70.02 MiB [---------------------------------------------->] 100.00% 35.32 MiB p/s ETA 0s70.02 MiB / 70.02 MiB [---------------------------------------------->] 100.00% 33.04 MiB p/s ETA 0s70.02 MiB / 70.02 MiB [---------------------------------------------->] 100.00% 33.04 MiB p/s ETA 0s70.02 MiB / 70.02 MiB [---------------------------------------------->] 100.00% 33.04 MiB p/s ETA 0s70.02 MiB / 70.02 MiB [---------------------------------------------->] 100.00% 30.91 MiB p/s ETA 0s70.02 MiB / 70.02 MiB [---------------------------------------------->] 100.00% 30.91 MiB p/s ETA 0s70.02 MiB / 70.02 MiB [---------------------------------------------->] 100.00% 30.91 MiB p/s ETA 0s70.02 MiB / 70.02 MiB [---------------------------------------------->] 100.00% 28.92 MiB p/s ETA 0s70.02 MiB / 70.02 MiB [-------------------------------------------------] 100.00% 19.15 MiB p/s 3.9s2025-09-06T08:53:17Z    INFO    [vulndb] Artifact successfully downloaded   repo="mirror.gcr.io/aquasec/trivy-db:2"
2025-09-06T08:53:17Z    INFO    [vuln] Vulnerability scanning is enabled
2025-09-06T08:53:17Z    INFO    [secret] Secret scanning is enabled
2025-09-06T08:53:17Z    INFO    [secret] If your scanning is slow, please try '--scanners vuln' to disable secret scanning
2025-09-06T08:53:17Z    INFO    [secret] Please see https://trivy.dev/v0.66/docs/scanner/secret#recommendation for faster secret detection
2025-09-06T08:53:25Z    INFO    [python] Licenses acquired from one or more METADATA files may be subject to additional terms. Use `--debug` flag to see all affected packages.
2025-09-06T08:53:25Z    INFO    Detected OS family="debian" version="13.0"
2025-09-06T08:53:25Z    INFO    [debian] Detecting vulnerabilities...   os_version="13" pkg_num=87
2025-09-06T08:53:25Z    INFO    Number of language-specific files   num=1
2025-09-06T08:53:25Z    INFO    [python-pkg] Detecting vulnerabilities...
2025-09-06T08:53:25Z    WARN    Using severities from other vendors for some vulnerabilities. Read https://trivy.dev/v0.66/docs/scanner/vulnerability#severity-selection for details.

[Container] 2025/09/06 08:53:25.779514 Running command aws s3 cp trivy-results.json "s3://$LOGS_BUCKET/trivy-results-$(date +%Y%m%d%H%M%S).json"
Completed 10.0 KiB/10.0 KiB (117.9 KiB/s) with 1 file(s) remaining
upload: ./trivy-results.json to s3://***/trivy-results-20250906085325.json

[Container] 2025/09/06 08:53:26.579046 Running command trivy image --exit-code 1 --severity CRITICAL simple-python-app
2025-09-06T08:53:26Z    INFO    [vuln] Vulnerability scanning is enabled
2025-09-06T08:53:26Z    INFO    [secret] Secret scanning is enabled
2025-09-06T08:53:26Z    INFO    [secret] If your scanning is slow, please try '--scanners vuln' to disable secret scanning
2025-09-06T08:53:26Z    INFO    [secret] Please see https://trivy.dev/v0.66/docs/scanner/secret#recommendation for faster secret detection
2025-09-06T08:53:26Z    INFO    Detected OS family="debian" version="13.0"
2025-09-06T08:53:26Z    INFO    [debian] Detecting vulnerabilities...   os_version="13" pkg_num=87
2025-09-06T08:53:26Z    INFO    Number of language-specific files   num=1
2025-09-06T08:53:26Z    INFO    [python-pkg] Detecting vulnerabilities...
2025-09-06T08:53:26Z    WARN    Using severities from other vendors for some vulnerabilities. Read https://trivy.dev/v0.66/docs/scanner/vulnerability#severity-selection for details.

Report Summary

┌──────────────────────────────────────────────────────────────────────────────┬────────────┬─────────────────┬─────────┐
│                                    Target                                    │    Type    │ Vulnerabilities │ Secrets │
├──────────────────────────────────────────────────────────────────────────────┼────────────┼─────────────────┼─────────┤
│ simple-python-app (debian 13.0)                                              │   debian   │        0        │    -    │
├──────────────────────────────────────────────────────────────────────────────┼────────────┼─────────────────┼─────────┤
│ usr/local/lib/python3.13/site-packages/MarkupSafe-3.0.2.dist-info/METADATA   │ python-pkg │        0        │    -    │
├──────────────────────────────────────────────────────────────────────────────┼────────────┼─────────────────┼─────────┤
│ usr/local/lib/python3.13/site-packages/blinker-1.9.0.dist-info/METADATA      │ python-pkg │        0        │    -    │
├──────────────────────────────────────────────────────────────────────────────┼────────────┼─────────────────┼─────────┤
│ usr/local/lib/python3.13/site-packages/click-8.2.1.dist-info/METADATA        │ python-pkg │        0        │    -    │
├──────────────────────────────────────────────────────────────────────────────┼────────────┼─────────────────┼─────────┤
│ usr/local/lib/python3.13/site-packages/flask-3.1.2.dist-info/METADATA        │ python-pkg │        0        │    -    │
├──────────────────────────────────────────────────────────────────────────────┼────────────┼─────────────────┼─────────┤
│ usr/local/lib/python3.13/site-packages/itsdangerous-2.2.0.dist-info/METADATA │ python-pkg │        0        │    -    │
├──────────────────────────────────────────────────────────────────────────────┼────────────┼─────────────────┼─────────┤
│ usr/local/lib/python3.13/site-packages/jinja2-3.1.6.dist-info/METADATA       │ python-pkg │        0        │    -    │
├──────────────────────────────────────────────────────────────────────────────┼────────────┼─────────────────┼─────────┤
│ usr/local/lib/python3.13/site-packages/pip-25.2.dist-info/METADATA           │ python-pkg │        0        │    -    │
├──────────────────────────────────────────────────────────────────────────────┼────────────┼─────────────────┼─────────┤
│ usr/local/lib/python3.13/site-packages/werkzeug-3.1.3.dist-info/METADATA     │ python-pkg │        0        │    -    │
└──────────────────────────────────────────────────────────────────────────────┴────────────┴─────────────────┴─────────┘
Legend:
- '-': Not scanned
- '0': Clean (no security findings detected)


[Container] 2025/09/06 08:53:26.712731 Running command echo "Tagging and pushing image ..."
Tagging and pushing image ...

[Container] 2025/09/06 08:53:26.718858 Running command docker tag simple-python-app "$DOCKERHUB_USERNAME/simple-python-app"

[Container] 2025/09/06 08:53:26.740415 Running command echo "$DOCKERHUB_PAT" | docker login -u "$DOCKERHUB_USERNAME" --password-stdin
WARNING! Your password will be stored unencrypted in /root/.docker/config.json.
Configure a credential helper to remove this warning. See
https://docs.docker.com/engine/reference/commandline/login/#credential-stores

Login Succeeded

[Container] 2025/09/06 08:53:29.267807 Running command docker push "$DOCKERHUB_USERNAME/simple-python-app"
Using default tag: latest
The push refers to repository [docker.io/***/simple-python-app]
64fe0fd6b3b0: Preparing
f327fb5431bb: Preparing
b2d53f25e9de: Preparing
531cc40d91a6: Preparing
3fd8efb4e065: Preparing
86712a06d78e: Preparing
137252d0f1b5: Preparing
e6a3842ebc7f: Preparing
86712a06d78e: Waiting
137252d0f1b5: Waiting
e6a3842ebc7f: Waiting
3fd8efb4e065: Layer already exists
86712a06d78e: Layer already exists
137252d0f1b5: Layer already exists
e6a3842ebc7f: Layer already exists
b2d53f25e9de: Pushed
531cc40d91a6: Pushed
64fe0fd6b3b0: Pushed
f327fb5431bb: Pushed
latest: digest: sha256:26c4263840c7978c739a8f0f35fdf6f633dbd5c840b16d813cc8200975a4a757 size: 1993

[Container] 2025/09/06 08:53:46.780852 Running command echo "Build and packaging successful."
Build and packaging successful.

[Container] 2025/09/06 08:53:46.787475 Phase complete: POST_BUILD State: SUCCEEDED
[Container] 2025/09/06 08:53:46.787497 Phase context status code:  Message: 
[Container] 2025/09/06 08:53:46.838446 Set report auto-discover timeout to 5 seconds
[Container] 2025/09/06 08:53:46.839430 Expanding base directory path:  .
[Container] 2025/09/06 08:53:46.841070 Assembling file list
[Container] 2025/09/06 08:53:46.841082 Expanding .
[Container] 2025/09/06 08:53:46.842727 Expanding file paths for base directory .
[Container] 2025/09/06 08:53:46.842741 Assembling file list
[Container] 2025/09/06 08:53:46.842773 Expanding **/*
[Container] 2025/09/06 08:53:46.847026 No matching auto-discover report paths found
[Container] 2025/09/06 08:53:46.847124 Report auto-discover file discovery took 0.008679 seconds
[Container] 2025/09/06 08:53:46.847164 Phase complete: UPLOAD_ARTIFACTS State: SUCCEEDED
[Container] 2025/09/06 08:53:46.847189 Phase context status code:  Message: 